<?xml version="1.0" encoding="UTF-8"?>
<testng-results ignored="3" total="5" passed="2" failed="0" skipped="0">
  <reporter-output>
  </reporter-output>
  <suite started-at="2023-07-03T18:14:20Z" name=" Suite" finished-at="2023-07-03T18:14:31Z" duration-ms="11696">
    <groups>
      <group name="purchaseOrder">
        <method signature="SubmitOrderTestTunning.SubmitOrder(java.lang.String, java.lang.String, java.lang.String)[pri:0, instance:SeleniumFramWork.Tests.SubmitOrderTestTunning@15713d56]" name="SubmitOrder" class="SeleniumFramWork.Tests.SubmitOrderTestTunning"/>
      </group> <!-- purchaseOrder -->
    </groups>
    <test started-at="2023-07-03T18:14:20Z" name="Validating Errors" finished-at="2023-07-03T18:14:20Z" duration-ms="2">
    </test> <!-- Validating Errors -->
    <test started-at="2023-07-03T18:14:20Z" name="Submit Order " finished-at="2023-07-03T18:14:31Z" duration-ms="11696">
      <class name="SeleniumFramWork.Tests.SubmitOrderTestTunning">
        <test-method is-config="true" signature="LaunchApplication()[pri:0, instance:SeleniumFramWork.Tests.SubmitOrderTestTunning@15713d56]" started-at="2023-07-03T18:14:20Z" name="LaunchApplication" finished-at="2023-07-03T18:14:23Z" duration-ms="3558" status="PASS">
          <reporter-output>
          </reporter-output>
        </test-method> <!-- LaunchApplication -->
        <test-method signature="SubmitOrder(java.lang.String, java.lang.String, java.lang.String)[pri:0, instance:SeleniumFramWork.Tests.SubmitOrderTestTunning@15713d56]" started-at="2023-07-03T18:14:23Z" name="SubmitOrder" data-provider="getData" finished-at="2023-07-03T18:14:26Z" duration-ms="2926" status="PASS">
          <params>
            <param index="0">
              <value>
                <![CDATA[manum7792@gmail.com]]>
              </value>
            </param>
            <param index="1">
              <value>
                <![CDATA[Rahul@123]]>
              </value>
            </param>
            <param index="2">
              <value>
                <![CDATA[ZARA COAT 3]]>
              </value>
            </param>
          </params>
          <reporter-output>
          </reporter-output>
        </test-method> <!-- SubmitOrder -->
        <test-method is-config="true" signature="TearDown()[pri:0, instance:SeleniumFramWork.Tests.SubmitOrderTestTunning@15713d56]" started-at="2023-07-03T18:14:26Z" name="TearDown" finished-at="2023-07-03T18:14:26Z" duration-ms="136" status="PASS">
          <reporter-output>
          </reporter-output>
        </test-method> <!-- TearDown -->
        <test-method is-config="true" signature="LaunchApplication()[pri:0, instance:SeleniumFramWork.Tests.SubmitOrderTestTunning@15713d56]" started-at="2023-07-03T18:14:26Z" name="LaunchApplication" finished-at="2023-07-03T18:14:28Z" duration-ms="2019" status="PASS">
          <reporter-output>
          </reporter-output>
        </test-method> <!-- LaunchApplication -->
        <test-method signature="SubmitOrder(java.lang.String, java.lang.String, java.lang.String)[pri:0, instance:SeleniumFramWork.Tests.SubmitOrderTestTunning@15713d56]" started-at="2023-07-03T18:14:28Z" name="SubmitOrder" data-provider="getData" finished-at="2023-07-03T18:14:31Z" duration-ms="2922" status="PASS">
          <params>
            <param index="0">
              <value>
                <![CDATA[paul@gmail.com]]>
              </value>
            </param>
            <param index="1">
              <value>
                <![CDATA[Paul@321]]>
              </value>
            </param>
            <param index="2">
              <value>
                <![CDATA[ADIDAS ORIGINAL]]>
              </value>
            </param>
          </params>
          <reporter-output>
          </reporter-output>
        </test-method> <!-- SubmitOrder -->
        <test-method is-config="true" signature="TearDown()[pri:0, instance:SeleniumFramWork.Tests.SubmitOrderTestTunning@15713d56]" started-at="2023-07-03T18:14:31Z" name="TearDown" finished-at="2023-07-03T18:14:31Z" duration-ms="120" status="PASS">
          <reporter-output>
          </reporter-output>
        </test-method> <!-- TearDown -->
      </class> <!-- SeleniumFramWork.Tests.SubmitOrderTestTunning -->
    </test> <!-- Submit Order  -->
  </suite> <!--  Suite -->
</testng-results>
