<?xml version="1.0" encoding="UTF-8"?>
<testng-results ignored="3" total="4" passed="1" failed="0" skipped="0">
  <reporter-output>
  </reporter-output>
  <suite started-at="2022-10-24T20:49:27Z" name=" Suite" finished-at="2022-10-24T20:49:32Z" duration-ms="4627">
    <groups>
      <group name="ErrorHandling">
        <method signature="ErrorValidationsTest.LogInErrorValidations()[pri:0, instance:SeleniumFramWork.Tests.ErrorValidationsTest@7a362b6b]" name="LogInErrorValidations" class="SeleniumFramWork.Tests.ErrorValidationsTest"/>
      </group> <!-- ErrorHandling -->
    </groups>
    <test started-at="2022-10-24T20:49:27Z" name="Submit Order " finished-at="2022-10-24T20:49:27Z" duration-ms="9">
    </test> <!-- Submit Order  -->
    <test started-at="2022-10-24T20:49:27Z" name="Validating Errors" finished-at="2022-10-24T20:49:32Z" duration-ms="4626">
      <class name="SeleniumFramWork.Tests.ErrorValidationsTest">
        <test-method is-config="true" signature="LaunchApplication()[pri:0, instance:SeleniumFramWork.Tests.ErrorValidationsTest@7a362b6b]" started-at="2022-10-24T20:49:27Z" name="LaunchApplication" finished-at="2022-10-24T20:49:31Z" duration-ms="3895" status="PASS">
          <reporter-output>
          </reporter-output>
        </test-method> <!-- LaunchApplication -->
        <test-method signature="LogInErrorValidations()[pri:0, instance:SeleniumFramWork.Tests.ErrorValidationsTest@7a362b6b]" started-at="2022-10-24T20:49:31Z" name="LogInErrorValidations" finished-at="2022-10-24T20:49:32Z" duration-ms="459" status="PASS">
          <reporter-output>
          </reporter-output>
        </test-method> <!-- LogInErrorValidations -->
        <test-method is-config="true" signature="TearDown()[pri:0, instance:SeleniumFramWork.Tests.ErrorValidationsTest@7a362b6b]" started-at="2022-10-24T20:49:32Z" name="TearDown" finished-at="2022-10-24T20:49:32Z" duration-ms="241" status="PASS">
          <reporter-output>
          </reporter-output>
        </test-method> <!-- TearDown -->
      </class> <!-- SeleniumFramWork.Tests.ErrorValidationsTest -->
    </test> <!-- Validating Errors -->
  </suite> <!--  Suite -->
</testng-results>
