<?xml version="1.0" encoding="UTF-8"?>
<!-- Generated by org.testng.reporters.JUnitXMLReporter -->
<testsuite ignored="1" hostname="MSI" failures="0" tests="2" name="Submit Order " time="26.865" errors="0" timestamp="25 Oct 2022 13:01:44 GMT">
  <testcase classname="SeleniumFramWork.Tests.SubmitOrderTestTunning" name="SubmitOrder" time="3.052"/>
  <testcase classname="SeleniumFramWork.Tests.SubmitOrderTestTunning" name="SubmitOrder" time="2.94"/>
  <testcase classname="SeleniumFramWork.Tests.SubmitOrderTestTunning" name="OrderHistory" time="0.0">
    <ignored/>
  </testcase> <!-- OrderHistory -->
</testsuite> <!-- Submit Order  -->
