<?xml version="1.0" encoding="UTF-8"?>
<!-- Generated by org.testng.reporters.JUnitXMLReporter -->
<testsuite ignored="1" hostname="MSI" failures="0" tests="2" name="Submit Order " time="11.696" errors="0" timestamp="03 Jul 2023 18:14:31 GMT">
  <testcase classname="SeleniumFramWork.Tests.SubmitOrderTestTunning" name="SubmitOrder" time="2.926"/>
  <testcase classname="SeleniumFramWork.Tests.SubmitOrderTestTunning" name="SubmitOrder" time="2.922"/>
  <testcase classname="SeleniumFramWork.Tests.SubmitOrderTestTunning" name="OrderHistory" time="0.0">
    <ignored/>
  </testcase> <!-- OrderHistory -->
</testsuite> <!-- Submit Order  -->
