<?xml version="1.0" encoding="UTF-8"?>
<!-- Generated by org.testng.reporters.JUnitXMLReporter -->
<testsuite ignored="1" hostname="MSI" failures="0" tests="1" name="Validating Errors" time="4.626" errors="0" timestamp="24 Oct 2022 20:49:32 GMT">
  <testcase classname="SeleniumFramWork.Tests.ErrorValidationsTest" name="LogInErrorValidations" time="0.459"/>
  <testcase classname="SeleniumFramWork.Tests.ErrorValidationsTest" name="ProductErrorvalidation" time="0.0">
    <ignored/>
  </testcase> <!-- ProductErrorvalidation -->
</testsuite> <!-- Validating Errors -->
