<?xml version="1.0" encoding="UTF-8"?>
<!-- Generated by org.testng.reporters.JUnitXMLReporter -->
<testsuite ignored="0" hostname="MSI" failures="0" tests="2" name="Validating Errors" time="8.184" errors="0" timestamp="24 Oct 2022 20:23:02 GMT">
  <testcase classname="SeleniumFramWork.Tests.ErrorValidationsTest" name="LogInErrorValidations" time="0.506"/>
  <testcase classname="SeleniumFramWork.Tests.ErrorValidationsTest" name="ProductErrorvalidation" time="2.221"/>
</testsuite> <!-- Validating Errors -->
